2020/04/11 11:50:37,388 [main] [null] org.grandeur.Grandeur INFO : Grandeur is running...
2020/04/11 11:50:37,391 [main] [api-payment] org.grandeur.Grandeur INFO : test ora opo opo to
2020/04/11 11:50:37,391 [main] [null] org.grandeur.Grandeur INFO : test
2020/04/11 11:56:57,253 [main] [null] org.grandeur.Grandeur INFO : Grandeur is running...
2020/04/11 11:56:57,255 [main] [null] org.grandeur.Grandeur INFO : Grandeur.lock has been created!
2020/04/11 11:56:57,256 [main] [api-payment] org.grandeur.Grandeur INFO : test ora opo opo to
2020/04/11 11:56:57,256 [main] [null] org.grandeur.Grandeur INFO : test
2020/04/11 11:58:43,459 [main] [null] org.grandeur.Grandeur INFO : Grandeur is running...
2020/04/11 11:58:43,462 [main] [api-payment] org.grandeur.Grandeur INFO : test ora opo opo to
2020/04/11 11:58:43,462 [main] [api-payment] org.grandeur.Grandeur INFO : test
2020/04/11 21:43:03,113 [main] [null] org.grandeur.Grandeur INFO : Grandeur is running...
2020/04/11 21:43:03,116 [main] [api-payment] org.grandeur.Grandeur INFO : test ora opo opo to
2020/04/11 21:43:03,116 [main] [api-payment] org.grandeur.Grandeur INFO : test
2020/04/11 21:46:26,626 [main] [null] org.grandeur.Grandeur INFO : Grandeur is running...
2020/04/11 21:46:26,631 [main] [api-payment] org.grandeur.Grandeur INFO : test ora opo opo to
2020/04/11 21:46:26,632 [main] [api-payment] org.grandeur.Grandeur INFO : test
2020/04/11 21:49:37,421 [main] [null] org.grandeur.Grandeur INFO : Grandeur is running...
2020/04/11 21:49:37,426 [main] [api-payment] org.grandeur.Grandeur INFO : test ora opo opo to
2020/04/11 21:49:37,427 [main] [api-payment] org.grandeur.Grandeur INFO : test
2020/04/11 21:57:04,221 [main] [null] org.grandeur.Grandeur INFO : Grandeur is running...
2020/04/11 21:57:04,224 [main] [null] org.grandeur.Grandeur INFO : Grandeur.lock has been created!
2020/04/11 21:57:04,227 [main] [api-payment] org.grandeur.Grandeur INFO : test ora opo opo to
2020/04/11 21:57:04,227 [main] [api-payment] org.grandeur.Grandeur INFO : test
2020/04/11 21:57:40,951 [main] [null] org.grandeur.Grandeur INFO : Grandeur is running...
2020/04/11 21:57:40,956 [main] [api-payment] org.grandeur.Grandeur INFO : test ora opo opo to
2020/04/11 21:57:40,956 [main] [api-payment] org.grandeur.Grandeur INFO : test
2020/04/11 21:59:01,654 [main] [null] org.grandeur.Grandeur INFO : Grandeur is running...
2020/04/11 21:59:01,659 [main] [api-payment] org.grandeur.Grandeur INFO : test ora opo opo to
2020/04/11 21:59:01,659 [main] [api-payment] org.grandeur.Grandeur INFO : test
2020/04/11 22:03:31,993 [main] [null] org.grandeur.Grandeur INFO : Grandeur is running...
2020/04/11 22:03:32,000 [main] [api-payment] org.grandeur.Grandeur INFO : test ora opo opo to
2020/04/11 22:03:32,000 [main] [api-payment] org.grandeur.Grandeur INFO : test
2020/04/11 22:03:43,356 [main] [null] org.grandeur.Grandeur INFO : Grandeur is running...
2020/04/11 22:03:43,359 [main] [api-payment] org.grandeur.Grandeur INFO : test ora opo opo to
2020/04/11 22:03:43,359 [main] [api-payment] org.grandeur.Grandeur INFO : test
2020/04/11 22:04:05,507 [main] [null] org.grandeur.Grandeur INFO : Grandeur is running...
2020/04/11 22:04:05,510 [main] [api-payment] org.grandeur.Grandeur INFO : test ora opo opo to
2020/04/11 22:04:05,510 [main] [api-payment] org.grandeur.Grandeur INFO : test
2020/04/11 22:04:28,340 [main] [null] org.grandeur.Grandeur INFO : Grandeur is running...
2020/04/11 22:04:28,344 [main] [api-payment] org.grandeur.Grandeur INFO : test ora opo opo to
2020/04/11 22:04:28,345 [main] [api-payment] org.grandeur.Grandeur INFO : test
2020/04/11 22:08:57,242 [main] [null] org.grandeur.Grandeur INFO : Grandeur is running...
2020/04/11 22:08:57,247 [main] [api-payment] org.grandeur.Grandeur INFO : test ora opo opo to
2020/04/11 22:08:57,247 [main] [api-payment] org.grandeur.Grandeur INFO : test
2020/04/11 22:09:08,709 [main] [null] org.grandeur.Grandeur INFO : Grandeur is running...
2020/04/11 22:09:08,715 [main] [api-payment] org.grandeur.Grandeur INFO : test ora opo opo to
2020/04/11 22:09:08,715 [main] [api-payment] org.grandeur.Grandeur INFO : test
2020/04/11 22:10:51,816 [main] [null] org.grandeur.Grandeur INFO : Grandeur is running...
2020/04/11 22:10:51,823 [main] [api-payment] org.grandeur.Grandeur INFO : test ora opo opo to
2020/04/11 22:10:51,824 [main] [api-payment] org.grandeur.Grandeur INFO : test
2020/04/11 22:11:05,456 [main] [null] org.grandeur.Grandeur INFO : Grandeur is running...
2020/04/11 22:11:05,460 [main] [api-payment] org.grandeur.Grandeur INFO : test ora opo opo to
2020/04/11 22:11:05,460 [main] [api-payment] org.grandeur.Grandeur INFO : test
2020/04/14 20:58:45,384 [main] [null] org.grandeur.Grandeur INFO : Grandeur is running...
2020/04/14 20:58:45,386 [main] [null] org.grandeur.Grandeur INFO : Grandeur.lock has been created!
2020/04/14 20:58:45,387 [main] [api-payment] org.grandeur.Grandeur INFO : test ora opo opo to
2020/04/14 20:58:45,387 [main] [api-payment] org.grandeur.Grandeur INFO : test
2020/04/14 20:58:45,482 [Timer-0] [null] org.grandeur.logging.LogManager INFO : Thread (main) removed!
2020/04/14 21:03:27,324 [main] [null] org.grandeur.Grandeur INFO : Grandeur is running...
2020/04/14 21:03:27,326 [main] [api-payment] org.grandeur.Grandeur INFO : test ora opo opo to
2020/04/14 21:03:27,326 [main] [api-payment] org.grandeur.Grandeur INFO : test
2020/04/14 21:03:27,390 [Timer-0] [null] org.grandeur.logging.LogManager INFO : Thread (main) removed!
2020/04/14 21:06:33,202 [main] [null] org.grandeur.Grandeur INFO : Grandeur is running...
2020/04/14 21:06:33,203 [main] [api-payment] org.grandeur.Grandeur INFO : test ora opo opo to
2020/04/14 21:06:33,204 [main] [api-payment] org.grandeur.Grandeur INFO : test
2020/04/14 21:06:33,311 [Timer-0] [null] org.grandeur.logging.LogManager INFO : Thread (main) removed!
2020/04/14 21:09:40,100 [main] [null] org.grandeur.Grandeur INFO : Grandeur is running...
2020/04/14 21:09:40,101 [main] [api-payment] org.grandeur.Grandeur INFO : test ora opo opo to
2020/04/14 21:09:40,101 [main] [api-payment] org.grandeur.Grandeur INFO : test
2020/04/14 21:09:40,208 [Timer-0] [null] org.grandeur.logging.LogManager INFO : Thread (main) removed!
2020/04/14 23:36:04,366 [main] [null] org.grandeur.Grandeur INFO : Grandeur is running...
2020/04/14 23:36:04,367 [main] [api-payment] org.grandeur.Grandeur INFO : test ora opo opo to
2020/04/14 23:36:04,368 [main] [api-payment] org.grandeur.Grandeur INFO : test
2020/04/14 23:36:04,469 [Timer-0] [null] org.grandeur.logging.LogManager INFO : Thread (main) removed!
2020/04/14 23:40:01,514 [main] [null] org.grandeur.Grandeur INFO : Grandeur is running...
2020/04/14 23:40:01,515 [main] [api-payment] org.grandeur.Grandeur INFO : test ora opo opo to
2020/04/14 23:40:01,515 [main] [api-payment] org.grandeur.Grandeur INFO : test
2020/04/14 23:40:01,533 [main] [api-payment] org.grandeur.Grandeur INFO : Duration 5.332000000s
2020/04/14 23:40:01,624 [Timer-0] [null] org.grandeur.logging.LogManager INFO : Thread (main) removed!
2020/04/14 23:47:24,710 [main] [null] org.grandeur.Grandeur INFO : Grandeur is running...
2020/04/14 23:47:24,712 [main] [api-payment] org.grandeur.Grandeur INFO : test ora opo opo to
2020/04/14 23:47:24,712 [main] [api-payment] org.grandeur.Grandeur INFO : test
2020/04/14 23:47:24,729 [main] [api-payment] org.grandeur.Grandeur INFO : Duration 5.332000000s
2020/04/14 23:47:24,818 [Timer-0] [null] org.grandeur.logging.LogManager INFO : Thread (main) removed!
2020/04/14 23:48:21,395 [main] [null] org.grandeur.Grandeur INFO : Grandeur is running...
2020/04/14 23:48:21,396 [main] [api-payment] org.grandeur.Grandeur INFO : test ora opo opo to
2020/04/14 23:48:21,397 [main] [api-payment] org.grandeur.Grandeur INFO : test
2020/04/14 23:48:21,415 [main] [api-payment] org.grandeur.Grandeur INFO : Duration 5.332000000s
2020/04/14 23:48:21,487 [Timer-0] [null] org.grandeur.logging.LogManager INFO : Thread (main) removed!
2020/04/14 23:48:30,367 [main] [null] org.grandeur.Grandeur INFO : Grandeur is running...
2020/04/14 23:48:30,369 [main] [api-payment] org.grandeur.Grandeur INFO : test ora opo opo to
2020/04/14 23:48:30,369 [main] [api-payment] org.grandeur.Grandeur INFO : test
2020/04/14 23:48:30,390 [main] [api-payment] org.grandeur.Grandeur INFO : Duration 5.332000000s
2020/04/14 23:48:30,455 [Timer-0] [null] org.grandeur.logging.LogManager INFO : Thread (main) removed!
2020/04/14 23:51:22,310 [main] [null] org.grandeur.Grandeur INFO : Grandeur is running...
2020/04/14 23:51:22,311 [main] [api-payment] org.grandeur.Grandeur INFO : test ora opo opo to
2020/04/14 23:51:22,311 [main] [api-payment] org.grandeur.Grandeur INFO : test
2020/04/14 23:51:22,331 [main] [api-payment] org.grandeur.Grandeur INFO : Duration 5.                     332000000s
2020/04/14 23:51:22,393 [Timer-0] [null] org.grandeur.logging.LogManager INFO : Thread (main) removed!
2020/04/15 00:01:12,126 [main] [null] org.grandeur.Grandeur INFO : Grandeur is running...
2020/04/15 00:01:12,128 [main] [api-payment] org.grandeur.Grandeur INFO : test ora opo opo to
2020/04/15 00:01:12,129 [main] [api-payment] org.grandeur.Grandeur INFO : test
2020/04/15 00:01:12,145 [main] [api-payment] org.grandeur.Grandeur INFO : Duration 5.332000000s
2020/04/15 00:01:12,240 [Timer-0] [null] org.grandeur.logging.LogManager INFO : Thread (main) removed!
2020/04/15 00:01:45,734 [main] [null] org.grandeur.Grandeur INFO : Grandeur is running...
2020/04/15 00:01:45,735 [main] [api-payment] org.grandeur.Grandeur INFO : test ora opo opo to
2020/04/15 00:01:45,735 [main] [api-payment] org.grandeur.Grandeur INFO : test
2020/04/15 00:01:45,751 [main] [api-payment] org.grandeur.Grandeur INFO : Duration 5.332000000s
2020/04/15 00:01:45,847 [Timer-0] [null] org.grandeur.logging.LogManager INFO : Thread (main) removed!
2020/04/15 00:02:07,797 [main] [null] org.grandeur.Grandeur INFO : Grandeur is running...
2020/04/15 00:02:07,800 [main] [api-payment] org.grandeur.Grandeur INFO : test ora opo opo to
2020/04/15 00:02:07,800 [main] [api-payment] org.grandeur.Grandeur INFO : test
2020/04/15 00:02:07,817 [main] [api-payment] org.grandeur.Grandeur INFO : Duration 5.332000000s
2020/04/15 00:02:07,817 [main] [api-payment] org.grandeur.Grandeur INFO : 000
2020/04/15 00:02:07,904 [Timer-0] [null] org.grandeur.logging.LogManager INFO : Thread (main) removed!
2020/04/15 00:03:27,130 [main] [null] org.grandeur.Grandeur INFO : Grandeur is running...
2020/04/15 00:03:27,131 [main] [api-payment] org.grandeur.Grandeur INFO : test ora opo opo to
2020/04/15 00:03:27,131 [main] [api-payment] org.grandeur.Grandeur INFO : test
2020/04/15 00:03:27,147 [main] [api-payment] org.grandeur.Grandeur INFO : Duration 5.332000000s
2020/04/15 00:03:27,147 [main] [api-payment] org.grandeur.Grandeur INFO : 000
2020/04/15 00:03:27,243 [Timer-0] [null] org.grandeur.logging.LogManager INFO : Thread (main) removed!
2020/04/15 00:03:58,340 [main] [null] org.grandeur.Grandeur INFO : Grandeur is running...
2020/04/15 00:03:58,342 [main] [api-payment] org.grandeur.Grandeur INFO : test ora opo opo to
2020/04/15 00:03:58,342 [main] [api-payment] org.grandeur.Grandeur INFO : test
2020/04/15 00:03:58,360 [main] [api-payment] org.grandeur.Grandeur INFO : Duration 5.332000000s
2020/04/15 00:03:58,361 [main] [api-payment] org.grandeur.Grandeur INFO : 000
2020/04/15 00:03:58,449 [Timer-0] [null] org.grandeur.logging.LogManager INFO : Thread (main) removed!
2020/04/15 00:06:54,171 [main] [null] org.grandeur.Grandeur INFO : Grandeur is running...
2020/04/15 00:06:54,172 [main] [api-payment] org.grandeur.Grandeur INFO : test ora opo opo to
2020/04/15 00:06:54,172 [main] [api-payment] org.grandeur.Grandeur INFO : test
2020/04/15 00:06:54,188 [main] [api-payment] org.grandeur.Grandeur INFO : Duration 5.332000000s
2020/04/15 00:06:54,188 [main] [api-payment] org.grandeur.Grandeur INFO : 000
2020/04/15 00:06:54,277 [Timer-0] [null] org.grandeur.logging.LogManager INFO : Thread (main) removed!
2020/04/15 00:07:08,379 [main] [null] org.grandeur.Grandeur INFO : Grandeur is running...
2020/04/15 00:07:08,381 [main] [api-payment] org.grandeur.Grandeur INFO : test ora opo opo to
2020/04/15 00:07:08,381 [main] [api-payment] org.grandeur.Grandeur INFO : test
2020/04/15 00:07:08,400 [main] [api-payment] org.grandeur.Grandeur INFO : Duration 5.332000000s
2020/04/15 00:07:08,400 [main] [api-payment] org.grandeur.Grandeur INFO : ccc
2020/04/15 00:07:08,482 [Timer-0] [null] org.grandeur.logging.LogManager INFO : Thread (main) removed!
2020/04/15 00:07:22,167 [main] [null] org.grandeur.Grandeur INFO : Grandeur is running...
2020/04/15 00:07:22,171 [main] [api-payment] org.grandeur.Grandeur INFO : test ora opo opo to
2020/04/15 00:07:22,171 [main] [api-payment] org.grandeur.Grandeur INFO : test
2020/04/15 00:07:22,188 [main] [api-payment] org.grandeur.Grandeur INFO : Duration 5.332000000s
2020/04/15 00:07:22,188 [main] [api-payment] org.grandeur.Grandeur INFO : abc
2020/04/15 00:07:22,281 [Timer-0] [null] org.grandeur.logging.LogManager INFO : Thread (main) removed!
2020/04/15 00:08:48,842 [main] [null] org.grandeur.Grandeur INFO : Grandeur is running...
2020/04/15 00:08:48,845 [main] [api-payment] org.grandeur.Grandeur INFO : test ora opo opo to
2020/04/15 00:08:48,845 [main] [api-payment] org.grandeur.Grandeur INFO : test
2020/04/15 00:08:48,861 [main] [api-payment] org.grandeur.Grandeur INFO : Duration 5.332000000s
2020/04/15 00:08:48,862 [main] [api-payment] org.grandeur.Grandeur INFO : abc
2020/04/15 00:08:48,956 [Timer-0] [null] org.grandeur.logging.LogManager INFO : Thread (main) removed!
2020/04/15 00:09:08,931 [main] [null] org.grandeur.Grandeur INFO : Grandeur is running...
2020/04/15 00:09:08,933 [main] [api-payment] org.grandeur.Grandeur INFO : test ora opo opo to
2020/04/15 00:09:08,933 [main] [api-payment] org.grandeur.Grandeur INFO : test
2020/04/15 00:09:08,952 [main] [api-payment] org.grandeur.Grandeur INFO : Duration 5.332000000s
2020/04/15 00:09:08,952 [main] [api-payment] org.grandeur.Grandeur INFO : abc
2020/04/15 00:09:08,952 [main] [api-payment] org.grandeur.Grandeur INFO : 000000abc
2020/04/15 00:09:08,952 [main] [api-payment] org.grandeur.Grandeur INFO : abc0000000
2020/04/15 00:09:09,075 [Timer-0] [null] org.grandeur.logging.LogManager INFO : Thread (main) removed!
2020/04/15 00:10:12,583 [main] [null] org.grandeur.Grandeur INFO : Grandeur is running...
2020/04/15 00:10:12,584 [main] [api-payment] org.grandeur.Grandeur INFO : test ora opo opo to
2020/04/15 00:10:12,584 [main] [api-payment] org.grandeur.Grandeur INFO : test
2020/04/15 00:10:12,600 [main] [api-payment] org.grandeur.Grandeur INFO : Duration 5.332000000s
2020/04/15 00:10:12,600 [main] [api-payment] org.grandeur.Grandeur INFO : abcd
2020/04/15 00:10:12,601 [main] [api-payment] org.grandeur.Grandeur INFO : abc
2020/04/15 00:10:12,601 [main] [api-payment] org.grandeur.Grandeur INFO : 000000abc
2020/04/15 00:10:12,601 [main] [api-payment] org.grandeur.Grandeur INFO : abc0000000
2020/04/15 00:10:12,687 [Timer-0] [null] org.grandeur.logging.LogManager INFO : Thread (main) removed!
